# JRE version: OpenJDK Runtime Environment (13.0.2+8) (build 13.0.2+8)
# Java VM: OpenJDK 64-Bit Server VM (13.0.2+8, mixed mode, sharing, tiered, compressed oops, g1 gc, windows-amd64)
Heap:
 garbage-first heap   total 26624K, used 6335K [0x0000000702000000, 0x0000000800000000)
  region size 1024K, 1 young (1024K), 1 survivors (1024K)
 Metaspace       used 9277K, capacity 12048K, committed 12288K, reserved 1060864K
  class space    used 1122K, capacity 1450K, committed 1536K, reserved 1048576K
GC Heap History (20 events):
Event: 0.289 GC heap after
{Heap after GC invocations=3 (full 0):
 garbage-first heap   total 8192K, used 2080K [0x0000000702000000, 0x0000000800000000)
  region size 1024K, 1 young (1024K), 1 survivors (1024K)
 Metaspace       used 5701K, capacity 9466K, committed 9600K, reserved 1058816K
  class space    used 711K, capacity 1101K, committed 1152K, reserved 1048576K
}
Event: 0.352 GC heap before
{Heap before GC invocations=3 (full 0):
 garbage-first heap   total 8192K, used 3104K [0x0000000702000000, 0x0000000800000000)
  region size 1024K, 2 young (2048K), 1 survivors (1024K)
 Metaspace       used 7528K, capacity 10710K, committed 11008K, reserved 1058816K
  class space    used 915K, capacity 1218K, committed 1280K, reserved 1048576K
}
Event: 0.354 GC heap after
{Heap after GC invocations=4 (full 0):
 garbage-first heap   total 8192K, used 2437K [0x0000000702000000, 0x0000000800000000)
  region size 1024K, 1 young (1024K), 1 survivors (1024K)
 Metaspace       used 7528K, capacity 10710K, committed 11008K, reserved 1058816K
  class space    used 915K, capacity 1218K, committed 1280K, reserved 1048576K
}
Event: 0.381 GC heap before
{Heap before GC invocations=4 (full 0):
 garbage-first heap   total 8192K, used 3461K [0x0000000702000000, 0x0000000800000000)
  region size 1024K, 2 young (2048K), 1 survivors (1024K)
 Metaspace       used 7794K, capacity 10851K, committed 11008K, reserved 1058816K
  class space    used 946K, capacity 1265K, committed 1280K, reserved 1048576K
}
Event: 0.383 GC heap after
{Heap after GC invocations=5 (full 0):
 garbage-first heap   total 10240K, used 2649K [0x0000000702000000, 0x0000000800000000)
  region size 1024K, 1 young (1024K), 1 survivors (1024K)
 Metaspace       used 7794K, capacity 10851K, committed 11008K, reserved 1058816K
  class space    used 946K, capacity 1265K, committed 1280K, reserved 1048576K
}
Event: 0.429 GC heap before
{Heap before GC invocations=5 (full 0):
 garbage-first heap   total 10240K, used 4697K [0x0000000702000000, 0x0000000800000000)
  region size 1024K, 3 young (3072K), 1 survivors (1024K)
 Metaspace       used 8097K, capacity 11081K, committed 11392K, reserved 1058816K
  class space    used 989K, capacity 1301K, committed 1408K, reserved 1048576K
}
Event: 0.433 GC heap after
{Heap after GC invocations=6 (full 0):
 garbage-first heap   total 10240K, used 3447K [0x0000000702000000, 0x0000000800000000)
  region size 1024K, 1 young (1024K), 1 survivors (1024K)
 Metaspace       used 8097K, capacity 11081K, committed 11392K, reserved 1058816K
  class space    used 989K, capacity 1301K, committed 1408K, reserved 1048576K
}
Event: 0.443 GC heap before
{Heap before GC invocations=6 (full 0):
 garbage-first heap   total 10240K, used 5495K [0x0000000702000000, 0x0000000800000000)
  region size 1024K, 3 young (3072K), 1 survivors (1024K)
 Metaspace       used 8124K, capacity 11081K, committed 11392K, reserved 1058816K
  class space    used 989K, capacity 1301K, committed 1408K, reserved 1048576K
}
Event: 0.446 GC heap after
{Heap after GC invocations=7 (full 0):
 garbage-first heap   total 10240K, used 3757K [0x0000000702000000, 0x0000000800000000)
  region size 1024K, 1 young (1024K), 1 survivors (1024K)
 Metaspace       used 8124K, capacity 11081K, committed 11392K, reserved 1058816K
  class space    used 989K, capacity 1301K, committed 1408K, reserved 1048576K
}
Event: 0.466 GC heap before
{Heap before GC invocations=7 (full 0):
 garbage-first heap   total 10240K, used 4781K [0x0000000702000000, 0x0000000800000000)
  region size 1024K, 2 young (2048K), 1 survivors (1024K)
 Metaspace       used 8231K, capacity 11100K, committed 11392K, reserved 1058816K
  class space    used 997K, capacity 1307K, committed 1408K, reserved 1048576K
}
Event: 0.468 GC heap after
{Heap after GC invocations=8 (full 0):
 garbage-first heap   total 10240K, used 3820K [0x0000000702000000, 0x0000000800000000)
  region size 1024K, 1 young (1024K), 1 survivors (1024K)
 Metaspace       used 8231K, capacity 11100K, committed 11392K, reserved 1058816K
  class space    used 997K, capacity 1307K, committed 1408K, reserved 1048576K
}
Event: 0.469 GC heap before
{Heap before GC invocations=8 (full 0):
 garbage-first heap   total 10240K, used 4844K [0x0000000702000000, 0x0000000800000000)
  region size 1024K, 2 young (2048K), 1 survivors (1024K)
 Metaspace       used 8236K, capacity 11100K, committed 11392K, reserved 1058816K
  class space    used 997K, capacity 1307K, committed 1408K, reserved 1048576K
}
Event: 0.471 GC heap after
{Heap after GC invocations=9 (full 0):
 garbage-first heap   total 15360K, used 3889K [0x0000000702000000, 0x0000000800000000)
  region size 1024K, 1 young (1024K), 1 survivors (1024K)
 Metaspace       used 8236K, capacity 11100K, committed 11392K, reserved 1058816K
  class space    used 997K, capacity 1307K, committed 1408K, reserved 1048576K
}
Event: 0.482 GC heap before
{Heap before GC invocations=9 (full 0):
 garbage-first heap   total 15360K, used 6961K [0x0000000702000000, 0x0000000800000000)
  region size 1024K, 4 young (4096K), 1 survivors (1024K)
 Metaspace       used 8261K, capacity 11103K, committed 11392K, reserved 1058816K
  class space    used 997K, capacity 1307K, committed 1408K, reserved 1048576K
}
Event: 0.483 GC heap after
{Heap after GC invocations=10 (full 0):
 garbage-first heap   total 15360K, used 4338K [0x0000000702000000, 0x0000000800000000)
  region size 1024K, 1 young (1024K), 1 survivors (1024K)
 Metaspace       used 8261K, capacity 11103K, committed 11392K, reserved 1058816K
  class space    used 997K, capacity 1307K, committed 1408K, reserved 1048576K
}
Event: 0.502 GC heap before
{Heap before GC invocations=10 (full 0):
 garbage-first heap   total 15360K, used 7410K [0x0000000702000000, 0x0000000800000000)
  region size 1024K, 4 young (4096K), 1 survivors (1024K)
 Metaspace       used 8296K, capacity 11185K, committed 11392K, reserved 1058816K
  class space    used 1000K, capacity 1313K, committed 1408K, reserved 1048576K
}
Event: 0.505 GC heap after
{Heap after GC invocations=11 (full 0):
 garbage-first heap   total 15360K, used 4780K [0x0000000702000000, 0x0000000800000000)
  region size 1024K, 1 young (1024K), 1 survivors (1024K)
 Metaspace       used 8296K, capacity 11185K, committed 11392K, reserved 1058816K
  class space    used 1000K, capacity 1313K, committed 1408K, reserved 1048576K
}
Event: 0.558 GC heap before
{Heap before GC invocations=11 (full 0):
 garbage-first heap   total 15360K, used 7852K [0x0000000702000000, 0x0000000800000000)
  region size 1024K, 4 young (4096K), 1 survivors (1024K)
 Metaspace       used 8816K, capacity 11550K, committed 11648K, reserved 1058816K
  class space    used 1064K, capacity 1370K, committed 1408K, reserved 1048576K
}
Event: 0.561 GC heap after
{Heap after GC invocations=12 (full 0):
 garbage-first heap   total 15360K, used 5382K [0x0000000702000000, 0x0000000800000000)
  region size 1024K, 1 young (1024K), 1 survivors (1024K)
 Metaspace       used 8816K, capacity 11550K, committed 11648K, reserved 1058816K
  class space    used 1064K, capacity 1370K, committed 1408K, reserved 1048576K
}
Event: 0.610 GC heap before
{Heap before GC invocations=12 (full 0):
 garbage-first heap   total 15360K, used 8454K [0x0000000702000000, 0x0000000800000000)
  region size 1024K, 4 young (4096K), 1 survivors (1024K)
 Metaspace       used 9277K, capacity 12048K, committed 12288K, reserved 1060864K
  class space    used 1122K, capacity 1450K, committed 1536K, reserved 1048576K
}

